[debug] [2019-03-31T07:50:10.950Z] ----------------------------------------------------------------------
[debug] [2019-03-31T07:50:10.955Z] Command:       /usr/local/bin/node /usr/local/bin/firebase serve
[debug] [2019-03-31T07:50:10.955Z] CLI Version:   6.5.0
[debug] [2019-03-31T07:50:10.955Z] Platform:      linux
[debug] [2019-03-31T07:50:10.955Z] Node Version:  v11.8.0
[debug] [2019-03-31T07:50:10.956Z] Time:          Sun Mar 31 2019 13:20:10 GMT+0530 (India Standard Time)
[debug] [2019-03-31T07:50:10.956Z] ----------------------------------------------------------------------
[debug] 
[debug] [2019-03-31T07:50:10.972Z] > command requires scopes: ["email","openid","https://www.googleapis.com/auth/cloudplatformprojects.readonly","https://www.googleapis.com/auth/firebase","https://www.googleapis.com/auth/cloud-platform"]
[debug] [2019-03-31T07:50:10.973Z] > authorizing via signed-in user
[debug] [2019-03-31T07:50:10.973Z] [iam] checking project second-assignment-debf4 for permissions ["firebase.projects.get"]
[debug] [2019-03-31T07:50:10.976Z] >>> HTTP REQUEST POST https://cloudresourcemanager.googleapis.com/v1/projects/second-assignment-debf4:testIamPermissions  

[debug] [2019-03-31T07:50:15.046Z] <<< HTTP RESPONSE 200
[debug] [2019-03-31T07:50:15.050Z] >>> HTTP REQUEST GET https://cloudresourcemanager.googleapis.com/v1/projects/second-assignment-debf4  
 
[debug] [2019-03-31T07:50:16.762Z] <<< HTTP RESPONSE 200
[info] 
[info] === Serving from '/home/menaka/responsive-sass-nav'...
[info] 
[info] i  functions: Preparing to emulate functions.
[debug] [2019-03-31T07:50:22.409Z] Fetching environment
[debug] [2019-03-31T07:50:22.424Z] >>> HTTP REQUEST GET https://mobilesdk-pa.googleapis.com/v1/projects/384669237406:getServerAppConfig  
 
[debug] [2019-03-31T07:50:22.426Z] >>> HTTP REQUEST GET https://mobilesdk-pa.googleapis.com/v1/projects/384669237406/clients/_:getWebAppConfig  
 
[debug] [2019-03-31T07:50:25.400Z] <<< HTTP RESPONSE 200
[debug] [2019-03-31T07:50:25.402Z] Starting @google-cloud/functions-emulator
[debug] [2019-03-31T07:50:25.700Z] <<< HTTP RESPONSE 200
[info] i  hosting: Serving hosting files from: public
[info] ✔  hosting: Local server: http://localhost:5000
[debug] [2019-03-31T07:50:30.617Z] Parsing function triggers
[info] i  functions: No HTTPS functions found. Use firebase functions:shell if you would like to emulate other types of functions.
